{"numTotalTestSuites":9,"numPassedTestSuites":9,"numFailedTestSuites":0,"numPendingTestSuites":0,"numTotalTests":31,"numPassedTests":31,"numFailedTests":0,"numPendingTests":0,"numTodoTests":0,"snapshot":{"added":0,"failure":false,"filesAdded":0,"filesRemoved":0,"filesRemovedList":[],"filesUnmatched":0,"filesUpdated":0,"matched":0,"total":0,"unchecked":0,"uncheckedKeysByFile":[],"unmatched":0,"updated":0,"didUpdate":false},"startTime":1782936849070,"success":true,"testResults":[{"assertionResults":[{"ancestorTitles":["nextPowerOfTwo"],"fullName":"nextPowerOfTwo 8 → 8","status":"passed","title":"8 → 8","duration":14.736875000002328,"failureMessages":[],"meta":{},"tags":[]},{"ancestorTitles":["nextPowerOfTwo"],"fullName":"nextPowerOfTwo 5 → 8","status":"passed","title":"5 → 8","duration":0.5263750000012806,"failureMessages":[],"meta":{},"tags":[]},{"ancestorTitles":["nextPowerOfTwo"],"fullName":"nextPowerOfTwo 9 → 16","status":"passed","title":"9 → 16","duration":0.3104170000005979,"failureMessages":[],"meta":{},"tags":[]},{"ancestorTitles":["nextPowerOfTwo"],"fullName":"nextPowerOfTwo 1 → 1","status":"passed","title":"1 → 1","duration":0.31349999999656575,"failureMessages":[],"meta":{},"tags":[]},{"ancestorTitles":["nextPowerOfTwo"],"fullName":"nextPowerOfTwo 16 → 16","status":"passed","title":"16 → 16","duration":0.4592499999998836,"failureMessages":[],"meta":{},"tags":[]},{"ancestorTitles":["nextPowerOfTwo"],"fullName":"nextPowerOfTwo 2 → 2","status":"passed","title":"2 → 2","duration":0.32608299999992596,"failureMessages":[],"meta":{},"tags":[]},{"ancestorTitles":["countByes"],"fullName":"countByes 8 jogadores → 0 byes","status":"passed","title":"8 jogadores → 0 byes","duration":0.47924999999668216,"failureMessages":[],"meta":{},"tags":[]},{"ancestorTitles":["countByes"],"fullName":"countByes 5 jogadores → 3 byes (para completar 8)","status":"passed","title":"5 jogadores → 3 byes (para completar 8)","duration":0.5307500000053551,"failureMessages":[],"meta":{},"tags":[]},{"ancestorTitles":["countByes"],"fullName":"countByes 6 jogadores → 2 byes","status":"passed","title":"6 jogadores → 2 byes","duration":1.9307090000002063,"failureMessages":[],"meta":{},"tags":[]},{"ancestorTitles":["countByes"],"fullName":"countByes 7 jogadores → 1 bye","status":"passed","title":"7 jogadores → 1 bye","duration":0.2867499999993015,"failureMessages":[],"meta":{},"tags":[]},{"ancestorTitles":["sequentialSeeding"],"fullName":"sequentialSeeding atribui seed sequencial a cada participante","status":"passed","title":"atribui seed sequencial a cada participante","duration":1.1692499999990105,"failureMessages":[],"meta":{},"tags":[]},{"ancestorTitles":["sequentialSeeding"],"fullName":"sequentialSeeding preserva ordem original","status":"passed","title":"preserva ordem original","duration":0.21145800000522286,"failureMessages":[],"meta":{},"tags":[]},{"ancestorTitles":["sequentialSeeding"],"fullName":"sequentialSeeding lista vazia retorna vazia","status":"passed","title":"lista vazia retorna vazia","duration":1.0389580000046408,"failureMessages":[],"meta":{},"tags":[]},{"ancestorTitles":["standardSeeding"],"fullName":"standardSeeding retorna todos os participantes com seed atribuído","status":"passed","title":"retorna todos os participantes com seed atribuído","duration":0.3919590000004973,"failureMessages":[],"meta":{},"tags":[]},{"ancestorTitles":["standardSeeding"],"fullName":"standardSeeding todos os seeds são únicos","status":"passed","title":"todos os seeds são únicos","duration":0.28620799999771407,"failureMessages":[],"meta":{},"tags":[]},{"ancestorTitles":["standardSeeding"],"fullName":"standardSeeding seed 1 e seed N aparecem na mesma chave (opostos)","status":"passed","title":"seed 1 e seed N aparecem na mesma chave (opostos)","duration":0.5401669999992009,"failureMessages":[],"meta":{},"tags":[]},{"ancestorTitles":["standardSeeding"],"fullName":"standardSeeding chave de 2 produz seeds [1, 2]","status":"passed","title":"chave de 2 produz seeds [1, 2]","duration":0.18154199999844423,"failureMessages":[],"meta":{},"tags":[]},{"ancestorTitles":["byeSeeds — byes nos melhores seeds (ITTF)"],"fullName":"byeSeeds — byes nos melhores seeds (ITTF) 12 classificados → bracket 16, byes nos seeds 1,2,3,4","status":"passed","title":"12 classificados → bracket 16, byes nos seeds 1,2,3,4","duration":0.3200829999987036,"failureMessages":[],"meta":{},"tags":[]},{"ancestorTitles":["byeSeeds — byes nos melhores seeds (ITTF)"],"fullName":"byeSeeds — byes nos melhores seeds (ITTF) classificados que deixam 1 bye → bye no seed 1","status":"passed","title":"classificados que deixam 1 bye → bye no seed 1","duration":1.9735000000000582,"failureMessages":[],"meta":{},"tags":[]},{"ancestorTitles":["byeSeeds — byes nos melhores seeds (ITTF)"],"fullName":"byeSeeds — byes nos melhores seeds (ITTF) classificados em potência de 2 → 0 byes","status":"passed","title":"classificados em potência de 2 → 0 byes","duration":0.21099999999569263,"failureMessages":[],"meta":{},"tags":[]},{"ancestorTitles":["byeSeeds — byes nos melhores seeds (ITTF)"],"fullName":"byeSeeds — byes nos melhores seeds (ITTF) os byes vão sempre para os seeds mais altos, em ordem","status":"passed","title":"os byes vão sempre para os seeds mais altos, em ordem","duration":0.18537500000093132,"failureMessages":[],"meta":{},"tags":[]},{"ancestorTitles":["seedQualifiersIntoBracket — ITTF 3.7"],"fullName":"seedQualifiersIntoBracket — ITTF 3.7 vencedor do grupo 1 no topo, vencedor do grupo 2 no fundo (metades opostas)","status":"passed","title":"vencedor do grupo 1 no topo, vencedor do grupo 2 no fundo (metades opostas)","duration":1.6002920000028098,"failureMessages":[],"meta":{},"tags":[]},{"ancestorTitles":["seedQualifiersIntoBracket — ITTF 3.7"],"fullName":"seedQualifiersIntoBracket — ITTF 3.7 1º e 2º do mesmo grupo ficam em metades opostas (só se cruzam na final)","status":"passed","title":"1º e 2º do mesmo grupo ficam em metades opostas (só se cruzam na final)","duration":42.023332999997365,"failureMessages":[],"meta":{},"tags":[]},{"ancestorTitles":["seedQualifiersIntoBracket — ITTF 3.7"],"fullName":"seedQualifiersIntoBracket — ITTF 3.7 nenhum confronto de 1ª rodada é entre jogadores do mesmo grupo","status":"passed","title":"nenhum confronto de 1ª rodada é entre jogadores do mesmo grupo","duration":1.128207999994629,"failureMessages":[],"meta":{},"tags":[]},{"ancestorTitles":["seedQualifiersIntoBracket — ITTF 3.7"],"fullName":"seedQualifiersIntoBracket — ITTF 3.7 com classificados fora de potência de 2, completa com byes (posições null)","status":"passed","title":"com classificados fora de potência de 2, completa com byes (posições null)","duration":0.6676660000011907,"failureMessages":[],"meta":{},"tags":[]},{"ancestorTitles":["seedQualifiersIntoBracket — ITTF 3.7"],"fullName":"seedQualifiersIntoBracket — ITTF 3.7 todos os classificados aparecem exatamente uma vez","status":"passed","title":"todos os classificados aparecem exatamente uma vez","duration":0.16462499999761349,"failureMessages":[],"meta":{},"tags":[]},{"ancestorTitles":["eloSeeding"],"fullName":"eloSeeding ordena por rating decrescente (maior rating = seed 1)","status":"passed","title":"ordena por rating decrescente (maior rating = seed 1)","duration":0.32224999999743886,"failureMessages":[],"meta":{},"tags":[]},{"ancestorTitles":["eloSeeding"],"fullName":"eloSeeding sem ratings no Map, mantém ordem de entrada","status":"passed","title":"sem ratings no Map, mantém ordem de entrada","duration":0.5638749999998254,"failureMessages":[],"meta":{},"tags":[]},{"ancestorTitles":["potsSeeding — seed por rating/pontuação (pot)"],"fullName":"potsSeeding — seed por rating/pontuação (pot) ordena por pot decrescente (maior pot vem primeiro)","status":"passed","title":"ordena por pot decrescente (maior pot vem primeiro)","duration":0.4065829999963171,"failureMessages":[],"meta":{},"tags":[]},{"ancestorTitles":["potsSeeding — seed por rating/pontuação (pot)"],"fullName":"potsSeeding — seed por rating/pontuação (pot) participantes sem pot vão para o fim da fila","status":"passed","title":"participantes sem pot vão para o fim da fila","duration":0.1749169999966398,"failureMessages":[],"meta":{},"tags":[]},{"ancestorTitles":["potsSeeding — seed por rating/pontuação (pot)"],"fullName":"potsSeeding — seed por rating/pontuação (pot) empate de pot mantém ordem estável de entrada","status":"passed","title":"empate de pot mantém ordem estável de entrada","duration":0.14545799999905284,"failureMessages":[],"meta":{},"tags":[]}],"startTime":1782936893464,"endTime":1782936893550.4065,"status":"passed","message":"","name":"/Users/andresantos/Desktop/projects_2026/pessoal/ranking-pong/tests/unit/seeding.test.ts"}]}