{"numTotalTestSuites":52,"numPassedTestSuites":52,"numFailedTestSuites":0,"numPendingTestSuites":0,"numTotalTests":132,"numPassedTests":132,"numFailedTests":0,"numPendingTests":0,"numTodoTests":0,"snapshot":{"added":0,"failure":false,"filesAdded":0,"filesRemoved":0,"filesRemovedList":[],"filesUnmatched":0,"filesUpdated":0,"matched":0,"total":0,"unchecked":0,"uncheckedKeysByFile":[],"unmatched":0,"updated":0,"didUpdate":false},"startTime":1782905991524,"success":true,"testResults":[{"assertionResults":[{"ancestorTitles":["Eliminatória com número não-potência-de-2 (BYEs)"],"fullName":"Eliminatória com número não-potência-de-2 (BYEs) 5 jogadores: nenhum confronto inicial fica 'a definir × a definir'","status":"passed","title":"5 jogadores: nenhum confronto inicial fica 'a definir × a definir'","duration":3.292416000000003,"failureMessages":[],"meta":{},"tags":[]},{"ancestorTitles":["Eliminatória com número não-potência-de-2 (BYEs)"],"fullName":"Eliminatória com número não-potência-de-2 (BYEs) 5 jogadores: 3 BYEs distribuídos e marcados como concluídos","status":"passed","title":"5 jogadores: 3 BYEs distribuídos e marcados como concluídos","duration":0.4280830000000009,"failureMessages":[],"meta":{},"tags":[]},{"ancestorTitles":["Eliminatória com número não-potência-de-2 (BYEs)"],"fullName":"Eliminatória com número não-potência-de-2 (BYEs) 5 jogadores: vencedores de BYE avançam para a rodada seguinte","status":"passed","title":"5 jogadores: vencedores de BYE avançam para a rodada seguinte","duration":0.5989160000000027,"failureMessages":[],"meta":{},"tags":[]},{"ancestorTitles":["Eliminatória com número não-potência-de-2 (BYEs)"],"fullName":"Eliminatória com número não-potência-de-2 (BYEs) 6 e 7 jogadores: também sem confronto inicial vazio","status":"passed","title":"6 e 7 jogadores: também sem confronto inicial vazio","duration":0.3077090000000027,"failureMessages":[],"meta":{},"tags":[]},{"ancestorTitles":["Eliminatória com número não-potência-de-2 (BYEs)"],"fullName":"Eliminatória com número não-potência-de-2 (BYEs) 4 jogadores (potência de 2): sem BYEs","status":"passed","title":"4 jogadores (potência de 2): sem BYEs","duration":0.1838329999999928,"failureMessages":[],"meta":{},"tags":[]}],"startTime":1782906025398,"endTime":1782906025403.1838,"status":"passed","message":"","name":"/Users/andresantos/Desktop/projects_2026/pessoal/ranking-pong/tests/unit/bracket-byes.test.ts"},{"assertionResults":[{"ancestorTitles":["computeBracketLayout"],"fullName":"computeBracketLayout retorna layout vazio para lista vazia","status":"passed","title":"retorna layout vazio para lista vazia","duration":1.916667000000004,"failureMessages":[],"meta":{},"tags":[]},{"ancestorTitles":["computeBracketLayout"],"fullName":"computeBracketLayout posiciona uma única partida com x e y >= 0","status":"passed","title":"posiciona uma única partida com x e y >= 0","duration":0.515584000000004,"failureMessages":[],"meta":{},"tags":[]},{"ancestorTitles":["computeBracketLayout"],"fullName":"computeBracketLayout retorna dimensões positivas","status":"passed","title":"retorna dimensões positivas","duration":0.15987499999999955,"failureMessages":[],"meta":{},"tags":[]},{"ancestorTitles":["computeBracketLayout"],"fullName":"computeBracketLayout partidas da rodada inicial (round=2) ficam à esquerda da final (round=1)","status":"passed","title":"partidas da rodada inicial (round=2) ficam à esquerda da final (round=1)","duration":0.28249999999999886,"failureMessages":[],"meta":{},"tags":[]},{"ancestorTitles":["computeBracketLayout"],"fullName":"computeBracketLayout centraliza a final entre as semis (y da final = média das semis)","status":"passed","title":"centraliza a final entre as semis (y da final = média das semis)","duration":0.28804200000000435,"failureMessages":[],"meta":{},"tags":[]},{"ancestorTitles":["computeBracketLayout"],"fullName":"computeBracketLayout gera 2 connectors para chave de 4 (m1→m3, m2→m3)","status":"passed","title":"gera 2 connectors para chave de 4 (m1→m3, m2→m3)","duration":0.2623750000000058,"failureMessages":[],"meta":{},"tags":[]},{"ancestorTitles":["computeBracketLayout"],"fullName":"computeBracketLayout connector aponta do fromId para toId correto","status":"passed","title":"connector aponta do fromId para toId correto","duration":0.4252919999999989,"failureMessages":[],"meta":{},"tags":[]},{"ancestorTitles":["computeBracketLayout"],"fullName":"computeBracketLayout chave de 8: 3 rodadas, 7 partidas, 6 connectors","status":"passed","title":"chave de 8: 3 rodadas, 7 partidas, 6 connectors","duration":0.2642499999999899,"failureMessages":[],"meta":{},"tags":[]},{"ancestorTitles":["computeBracketLayout"],"fullName":"computeBracketLayout semis da chave de 8 ficam entre os quartos e a final","status":"passed","title":"semis da chave de 8 ficam entre os quartos e a final","duration":0.5049159999999944,"failureMessages":[],"meta":{},"tags":[]},{"ancestorTitles":["computeBracketLayout"],"fullName":"computeBracketLayout filtra partidas de grupo (bracket=group, round=100) — não aparecem no layout","status":"passed","title":"filtra partidas de grupo (bracket=group, round=100) — não aparecem no layout","duration":0.18779200000000174,"failureMessages":[],"meta":{},"tags":[]},{"ancestorTitles":["computeBracketLayout"],"fullName":"computeBracketLayout mistura de grupo + mata-mata: apenas mata-mata aparece no layout","status":"passed","title":"mistura de grupo + mata-mata: apenas mata-mata aparece no layout","duration":0.3051670000000115,"failureMessages":[],"meta":{},"tags":[]},{"ancestorTitles":["computeBracketLayout"],"fullName":"computeBracketLayout round=1 é a final (x mais à direita)","status":"passed","title":"round=1 é a final (x mais à direita)","duration":0.29266699999999446,"failureMessages":[],"meta":{},"tags":[]}],"startTime":1782906025537,"endTime":1782906025542.3052,"status":"passed","message":"","name":"/Users/andresantos/Desktop/projects_2026/pessoal/ranking-pong/tests/unit/bracket-layout.test.ts"},{"assertionResults":[{"ancestorTitles":["Divisões — agrupamento de jogadores"],"fullName":"Divisões — agrupamento de jogadores posições 1–6 ficam na Divisão 1","status":"passed","title":"posições 1–6 ficam na Divisão 1","duration":1.1951250000000044,"failureMessages":[],"meta":{},"tags":[]},{"ancestorTitles":["Divisões — agrupamento de jogadores"],"fullName":"Divisões — agrupamento de jogadores posições 7–12 ficam na Divisão 2","status":"passed","title":"posições 7–12 ficam na Divisão 2","duration":0.29983399999998994,"failureMessages":[],"meta":{},"tags":[]},{"ancestorTitles":["Divisões — agrupamento de jogadores"],"fullName":"Divisões — agrupamento de jogadores Top 3 é destacado","status":"passed","title":"Top 3 é destacado","duration":0.09795800000000554,"failureMessages":[],"meta":{},"tags":[]},{"ancestorTitles":["Divisões — agrupamento de jogadores"],"fullName":"Divisões — agrupamento de jogadores isFirstOfDivision detecta corretamente o início de cada divisão","status":"passed","title":"isFirstOfDivision detecta corretamente o início de cada divisão","duration":0.09175000000000466,"failureMessages":[],"meta":{},"tags":[]},{"ancestorTitles":["Divisões — agrupamento de jogadores"],"fullName":"Divisões — agrupamento de jogadores getPlayerStyle aplica estilo especial no top 3 e estilo de divisão depois","status":"passed","title":"getPlayerStyle aplica estilo especial no top 3 e estilo de divisão depois","duration":0.11795800000000156,"failureMessages":[],"meta":{},"tags":[]},{"ancestorTitles":["Divisões — agrupamento de jogadores"],"fullName":"Divisões — agrupamento de jogadores getDivisionName devolve nome consistente","status":"passed","title":"getDivisionName devolve nome consistente","duration":0.0885420000000039,"failureMessages":[],"meta":{},"tags":[]}],"startTime":1782906026828,"endTime":1782906026829.2998,"status":"passed","message":"","name":"/Users/andresantos/Desktop/projects_2026/pessoal/ranking-pong/tests/unit/divisions.test.ts"},{"assertionResults":[{"ancestorTitles":["ELO — regras de negócio do ranking"],"fullName":"ELO — regras de negócio do ranking expectativa é 0.5 para ratings iguais","status":"passed","title":"expectativa é 0.5 para ratings iguais","duration":1.316915999999992,"failureMessages":[],"meta":{},"tags":[]},{"ancestorTitles":["ELO — regras de negócio do ranking"],"fullName":"ELO — regras de negócio do ranking jogo equilibrado com K=24 vai resultar em +12/-12","status":"passed","title":"jogo equilibrado com K=24 vai resultar em +12/-12","duration":0.24708400000000097,"failureMessages":[],"meta":{},"tags":[]},{"ancestorTitles":["ELO — regras de negócio do ranking"],"fullName":"ELO — regras de negócio do ranking favorito que ganha leva menos pontos","status":"passed","title":"favorito que ganha leva menos pontos","duration":0.16512499999998909,"failureMessages":[],"meta":{},"tags":[]},{"ancestorTitles":["ELO — regras de negócio do ranking"],"fullName":"ELO — regras de negócio do ranking zebra (mais fraco vence) leva mais pontos","status":"passed","title":"zebra (mais fraco vence) leva mais pontos","duration":0.20308300000000656,"failureMessages":[],"meta":{},"tags":[]},{"ancestorTitles":["ELO — regras de negócio do ranking"],"fullName":"ELO — regras de negócio do ranking calculateNewRatings aplica o delta corretamente","status":"passed","title":"calculateNewRatings aplica o delta corretamente","duration":0.11633299999999736,"failureMessages":[],"meta":{},"tags":[]},{"ancestorTitles":["ELO — regras de negócio do ranking"],"fullName":"ELO — regras de negócio do ranking K customizado escala o impacto","status":"passed","title":"K customizado escala o impacto","duration":0.06854199999999366,"failureMessages":[],"meta":{},"tags":[]}],"startTime":1782906026683,"endTime":1782906026685.1162,"status":"passed","message":"","name":"/Users/andresantos/Desktop/projects_2026/pessoal/ranking-pong/tests/unit/elo.test.ts"},{"assertionResults":[{"ancestorTitles":["planGroupSizes"],"fullName":"planGroupSizes 8 → [4,4]","status":"passed","title":"8 → [4,4]","duration":1.2960000000000065,"failureMessages":[],"meta":{},"tags":[]},{"ancestorTitles":["planGroupSizes"],"fullName":"planGroupSizes 12 → [3,3,3,3]","status":"passed","title":"12 → [3,3,3,3]","duration":0.17491700000000776,"failureMessages":[],"meta":{},"tags":[]},{"ancestorTitles":["planGroupSizes"],"fullName":"planGroupSizes 20 → [4,4,3,3,3,3] (6 grupos, sem grupo de 2)","status":"passed","title":"20 → [4,4,3,3,3,3] (6 grupos, sem grupo de 2)","duration":0.09399999999999409,"failureMessages":[],"meta":{},"tags":[]},{"ancestorTitles":["planGroupSizes"],"fullName":"planGroupSizes 24 → oito grupos de 3","status":"passed","title":"24 → oito grupos de 3","duration":0.1750420000000048,"failureMessages":[],"meta":{},"tags":[]},{"ancestorTitles":["planGroupSizes"],"fullName":"planGroupSizes 30 → dez grupos de 3","status":"passed","title":"30 → dez grupos de 3","duration":0.0812920000000048,"failureMessages":[],"meta":{},"tags":[]},{"ancestorTitles":["planGroupSizes"],"fullName":"planGroupSizes 100 → 1 grupo de 4 + 32 grupos de 3 (33 grupos)","status":"passed","title":"100 → 1 grupo de 4 + 32 grupos de 3 (33 grupos)","duration":0.1323330000000027,"failureMessages":[],"meta":{},"tags":[]},{"ancestorTitles":["planGroupSizes"],"fullName":"planGroupSizes 5 → tamanhos em {2,3} somando 5","status":"passed","title":"5 → tamanhos em {2,3} somando 5","duration":0.24483299999999986,"failureMessages":[],"meta":{},"tags":[]},{"ancestorTitles":["planGroupSizes"],"fullName":"planGroupSizes todos os tamanhos ficam em {2,3,4} e somam n","status":"passed","title":"todos os tamanhos ficam em {2,3,4} e somam n","duration":0.3302499999999924,"failureMessages":[],"meta":{},"tags":[]},{"ancestorTitles":["planGroupSizes"],"fullName":"planGroupSizes não gera grupo de 2 quando há divisão só com 3 e 4","status":"passed","title":"não gera grupo de 2 quando há divisão só com 3 e 4","duration":0.4336669999999998,"failureMessages":[],"meta":{},"tags":[]},{"ancestorTitles":["planGroupSizes"],"fullName":"planGroupSizes os grupos de 4 vêm antes dos de 3 (ordem estável)","status":"passed","title":"os grupos de 4 vêm antes dos de 3 (ordem estável)","duration":0.11633299999999736,"failureMessages":[],"meta":{},"tags":[]},{"ancestorTitles":["snakeGroups — semeadura serpentina (ITTF 3.6)"],"fullName":"snakeGroups — semeadura serpentina (ITTF 3.6) um jogador forte por grupo: seeds 1–8 em grupos distintos, 9–16 na ordem inversa","status":"passed","title":"um jogador forte por grupo: seeds 1–8 em grupos distintos, 9–16 na ordem inversa","duration":0.6356660000000005,"failureMessages":[],"meta":{},"tags":[]},{"ancestorTitles":["snakeGroups — semeadura serpentina (ITTF 3.6)"],"fullName":"snakeGroups — semeadura serpentina (ITTF 3.6) distribui 24 em 8 grupos de 3 sem sobra","status":"passed","title":"distribui 24 em 8 grupos de 3 sem sobra","duration":0.07608299999999701,"failureMessages":[],"meta":{},"tags":[]},{"ancestorTitles":["snakeGroups — semeadura serpentina (ITTF 3.6)"],"fullName":"snakeGroups — semeadura serpentina (ITTF 3.6) determinismo: mesma entrada → mesma saída","status":"passed","title":"determinismo: mesma entrada → mesma saída","duration":0.21224999999999739,"failureMessages":[],"meta":{},"tags":[]},{"ancestorTitles":["qualifiersCount (top 2 avançam)"],"fullName":"qualifiersCount (top 2 avançam) classificados = 2 × número de grupos","status":"passed","title":"classificados = 2 × número de grupos","duration":0.06783400000000483,"failureMessages":[],"meta":{},"tags":[]}],"startTime":1782906025809,"endTime":1782906025813.2122,"status":"passed","message":"","name":"/Users/andresantos/Desktop/projects_2026/pessoal/ranking-pong/tests/unit/group-planner.test.ts"},{"assertionResults":[{"ancestorTitles":["groups_knockout — top 2 fixo (sem derivar de ceil(tamanho/2))"],"fullName":"groups_knockout — top 2 fixo (sem derivar de ceil(tamanho/2)) grupo de 5: apenas 2 avançam (Q = 2 × grupos)","status":"passed","title":"grupo de 5: apenas 2 avançam (Q = 2 × grupos)","duration":36.64779199999998,"failureMessages":[],"meta":{},"tags":[]},{"ancestorTitles":["groups_knockout — sem trava de potência de 2 (byes)"],"fullName":"groups_knockout — sem trava de potência de 2 (byes) 20 jogadores (6 grupos → 12 classificados) não lança erro e monta bracket de 16","status":"passed","title":"20 jogadores (6 grupos → 12 classificados) não lança erro e monta bracket de 16","duration":1.6868329999999787,"failureMessages":[],"meta":{},"tags":[]},{"ancestorTitles":["groups_knockout — sem trava de potência de 2 (byes)"],"fullName":"groups_knockout — sem trava de potência de 2 (byes) após fechar os grupos: nenhum confronto inicial fica vazio; 4 byes finalizados","status":"passed","title":"após fechar os grupos: nenhum confronto inicial fica vazio; 4 byes finalizados","duration":4.6997499999999945,"failureMessages":[],"meta":{},"tags":[]},{"ancestorTitles":["groups_knockout — sem trava de potência de 2 (byes)"],"fullName":"groups_knockout — sem trava de potência de 2 (byes) os vencedores de bye avançam para a 2ª rodada","status":"passed","title":"os vencedores de bye avançam para a 2ª rodada","duration":0.6111250000000155,"failureMessages":[],"meta":{},"tags":[]},{"ancestorTitles":["groups_knockout — potência de 2 continua sem byes"],"fullName":"groups_knockout — potência de 2 continua sem byes 24 jogadores (8 grupos → 16 classificados): bracket de 16 sem byes","status":"passed","title":"24 jogadores (8 grupos → 16 classificados): bracket de 16 sem byes","duration":0.6941669999999931,"failureMessages":[],"meta":{},"tags":[]}],"startTime":1782906023738,"endTime":1782906023782.694,"status":"passed","message":"","name":"/Users/andresantos/Desktop/projects_2026/pessoal/ranking-pong/tests/unit/groups-knockout-byes.test.ts"},{"assertionResults":[{"ancestorTitles":["Edição que mantém o vencedor"],"fullName":"Edição que mantém o vencedor corrigir só o placar não mexe em nada à frente","status":"passed","title":"corrigir só o placar não mexe em nada à frente","duration":3.2169580000000053,"failureMessages":[],"meta":{},"tags":[]},{"ancestorTitles":["Edição em cadeia profunda (8 jogadores, 3 rodadas)"],"fullName":"Edição em cadeia profunda (8 jogadores, 3 rodadas) trocar o vencedor de uma quartas reseta semi e final que dependiam dele","status":"passed","title":"trocar o vencedor de uma quartas reseta semi e final que dependiam dele","duration":0.8170000000000073,"failureMessages":[],"meta":{},"tags":[]},{"ancestorTitles":["Coerência estrutural após qualquer edição (invariantes)"],"fullName":"Coerência estrutural após qualquer edição (invariantes) nunca existe partida finished cujo vencedor não seja um dos dois jogadores","status":"passed","title":"nunca existe partida finished cujo vencedor não seja um dos dois jogadores","duration":1.6073330000000112,"failureMessages":[],"meta":{},"tags":[]},{"ancestorTitles":["DEFEITO 1 (corrigido) — empate de placar é rejeitado"],"fullName":"DEFEITO 1 (corrigido) — empate de placar é rejeitado placar empatado é recusado (não existe empate no tênis de mesa)","status":"passed","title":"placar empatado é recusado (não existe empate no tênis de mesa)","duration":1.1034999999999968,"failureMessages":[],"meta":{},"tags":[]},{"ancestorTitles":["DEFEITO 2 (corrigido) — walkover honra o vencedor informado"],"fullName":"DEFEITO 2 (corrigido) — walkover honra o vencedor informado walkover(match, A) dá a vitória a A; (match, B) dá a B","status":"passed","title":"walkover(match, A) dá a vitória a A; (match, B) dá a B","duration":0.20725000000001614,"failureMessages":[],"meta":{},"tags":[]},{"ancestorTitles":["DEFEITO 2 (corrigido) — walkover honra o vencedor informado"],"fullName":"DEFEITO 2 (corrigido) — walkover honra o vencedor informado walkover com vencedor que não está na partida é rejeitado","status":"passed","title":"walkover com vencedor que não está na partida é rejeitado","duration":0.20666699999998173,"failureMessages":[],"meta":{},"tags":[]},{"ancestorTitles":["DEFEITO 3 (corrigido) — editar jogo de grupo após o mata-mata preenchido"],"fullName":"DEFEITO 3 (corrigido) — editar jogo de grupo após o mata-mata preenchido flipar o classificado de um grupo atualiza a semi E reseta o que já foi jogado","status":"passed","title":"flipar o classificado de um grupo atualiza a semi E reseta o que já foi jogado","duration":0.6774580000000014,"failureMessages":[],"meta":{},"tags":[]},{"ancestorTitles":["DEFEITO 4 (corrigido) — editar resultado de torneio já finalizado"],"fullName":"DEFEITO 4 (corrigido) — editar resultado de torneio já finalizado não permite editar placar de um torneio finished (precisa reabrir antes)","status":"passed","title":"não permite editar placar de um torneio finished (precisa reabrir antes)","duration":0.297458000000006,"failureMessages":[],"meta":{},"tags":[]}],"startTime":1782906024928,"endTime":1782906024936.6775,"status":"passed","message":"","name":"/Users/andresantos/Desktop/projects_2026/pessoal/ranking-pong/tests/unit/result-editing-critical.test.ts"},{"assertionResults":[{"ancestorTitles":["Correção de resultado lançado"],"fullName":"Correção de resultado lançado corrige o placar mantendo o vencedor (só atualiza o número)","status":"passed","title":"corrige o placar mantendo o vencedor (só atualiza o número)","duration":2.737250000000003,"failureMessages":[],"meta":{},"tags":[]},{"ancestorTitles":["Correção de resultado lançado"],"fullName":"Correção de resultado lançado ao trocar o vencedor, propaga o novo e remove o antigo da próxima fase","status":"passed","title":"ao trocar o vencedor, propaga o novo e remove o antigo da próxima fase","duration":0.8156670000000048,"failureMessages":[],"meta":{},"tags":[]},{"ancestorTitles":["Correção de resultado lançado"],"fullName":"Correção de resultado lançado corrigir uma semi reseta a final que já tinha sido jogada com o vencedor antigo","status":"passed","title":"corrigir uma semi reseta a final que já tinha sido jogada com o vencedor antigo","duration":0.9077500000000072,"failureMessages":[],"meta":{},"tags":[]},{"ancestorTitles":["Correção de resultado lançado"],"fullName":"Correção de resultado lançado recusa lançar placar em partida sem os dois jogadores definidos","status":"passed","title":"recusa lançar placar em partida sem os dois jogadores definidos","duration":0.828165999999996,"failureMessages":[],"meta":{},"tags":[]},{"ancestorTitles":["Correção de resultado lançado"],"fullName":"Correção de resultado lançado revertResult limpa a partida e a propagação à frente","status":"passed","title":"revertResult limpa a partida e a propagação à frente","duration":0.525375000000011,"failureMessages":[],"meta":{},"tags":[]}],"startTime":1782906025086,"endTime":1782906025091.5254,"status":"passed","message":"","name":"/Users/andresantos/Desktop/projects_2026/pessoal/ranking-pong/tests/unit/result-editing.test.ts"},{"assertionResults":[{"ancestorTitles":["Round-robin puro"],"fullName":"Round-robin puro gera todos contra todos (C(n,2) partidas) num único grupo","status":"passed","title":"gera todos contra todos (C(n,2) partidas) num único grupo","duration":3.2818340000000035,"failureMessages":[],"meta":{},"tags":[]},{"ancestorTitles":["Round-robin puro"],"fullName":"Round-robin puro não gera mata-mata (sem partidas de bracket winners)","status":"passed","title":"não gera mata-mata (sem partidas de bracket winners)","duration":0.3006249999999966,"failureMessages":[],"meta":{},"tags":[]},{"ancestorTitles":["Round-robin puro"],"fullName":"Round-robin puro classificação ordena por pontos e o líder é o campeão","status":"passed","title":"classificação ordena por pontos e o líder é o campeão","duration":0.46675000000000466,"failureMessages":[],"meta":{},"tags":[]}],"startTime":1782906025948,"endTime":1782906025952.4668,"status":"passed","message":"","name":"/Users/andresantos/Desktop/projects_2026/pessoal/ranking-pong/tests/unit/round-robin.test.ts"},{"assertionResults":[{"ancestorTitles":["ordenação de seeds — getTournament ordena por seed"],"fullName":"ordenação de seeds — getTournament ordena por seed participants voltam ordenados por seed ascendente","status":"passed","title":"participants voltam ordenados por seed ascendente","duration":10.140250000000009,"failureMessages":[],"meta":{},"tags":[]},{"ancestorTitles":["ordenação de seeds — getTournament ordena por seed"],"fullName":"ordenação de seeds — getTournament ordena por seed swap de 2 adjacentes reflete só nesses 2 (posição = seed)","status":"passed","title":"swap de 2 adjacentes reflete só nesses 2 (posição = seed)","duration":0.5408329999999921,"failureMessages":[],"meta":{},"tags":[]}],"startTime":1782906026292,"endTime":1782906026302.5408,"status":"passed","message":"","name":"/Users/andresantos/Desktop/projects_2026/pessoal/ranking-pong/tests/unit/seeding-order.test.ts"},{"assertionResults":[{"ancestorTitles":["nextPowerOfTwo"],"fullName":"nextPowerOfTwo 8 → 8","status":"passed","title":"8 → 8","duration":1.3952500000000043,"failureMessages":[],"meta":{},"tags":[]},{"ancestorTitles":["nextPowerOfTwo"],"fullName":"nextPowerOfTwo 5 → 8","status":"passed","title":"5 → 8","duration":0.20145899999999983,"failureMessages":[],"meta":{},"tags":[]},{"ancestorTitles":["nextPowerOfTwo"],"fullName":"nextPowerOfTwo 9 → 16","status":"passed","title":"9 → 16","duration":0.08354199999999423,"failureMessages":[],"meta":{},"tags":[]},{"ancestorTitles":["nextPowerOfTwo"],"fullName":"nextPowerOfTwo 1 → 1","status":"passed","title":"1 → 1","duration":0.1910000000000025,"failureMessages":[],"meta":{},"tags":[]},{"ancestorTitles":["nextPowerOfTwo"],"fullName":"nextPowerOfTwo 16 → 16","status":"passed","title":"16 → 16","duration":0.11083299999999952,"failureMessages":[],"meta":{},"tags":[]},{"ancestorTitles":["nextPowerOfTwo"],"fullName":"nextPowerOfTwo 2 → 2","status":"passed","title":"2 → 2","duration":0.07479200000000219,"failureMessages":[],"meta":{},"tags":[]},{"ancestorTitles":["countByes"],"fullName":"countByes 8 jogadores → 0 byes","status":"passed","title":"8 jogadores → 0 byes","duration":0.14229199999999764,"failureMessages":[],"meta":{},"tags":[]},{"ancestorTitles":["countByes"],"fullName":"countByes 5 jogadores → 3 byes (para completar 8)","status":"passed","title":"5 jogadores → 3 byes (para completar 8)","duration":0.11512500000000614,"failureMessages":[],"meta":{},"tags":[]},{"ancestorTitles":["countByes"],"fullName":"countByes 6 jogadores → 2 byes","status":"passed","title":"6 jogadores → 2 byes","duration":0.6359589999999997,"failureMessages":[],"meta":{},"tags":[]},{"ancestorTitles":["countByes"],"fullName":"countByes 7 jogadores → 1 bye","status":"passed","title":"7 jogadores → 1 bye","duration":0.10095800000000565,"failureMessages":[],"meta":{},"tags":[]},{"ancestorTitles":["sequentialSeeding"],"fullName":"sequentialSeeding atribui seed sequencial a cada participante","status":"passed","title":"atribui seed sequencial a cada participante","duration":0.4700419999999923,"failureMessages":[],"meta":{},"tags":[]},{"ancestorTitles":["sequentialSeeding"],"fullName":"sequentialSeeding preserva ordem original","status":"passed","title":"preserva ordem original","duration":0.07920799999999417,"failureMessages":[],"meta":{},"tags":[]},{"ancestorTitles":["sequentialSeeding"],"fullName":"sequentialSeeding lista vazia retorna vazia","status":"passed","title":"lista vazia retorna vazia","duration":0.463791999999998,"failureMessages":[],"meta":{},"tags":[]},{"ancestorTitles":["standardSeeding"],"fullName":"standardSeeding retorna todos os participantes com seed atribuído","status":"passed","title":"retorna todos os participantes com seed atribuído","duration":0.15154199999999207,"failureMessages":[],"meta":{},"tags":[]},{"ancestorTitles":["standardSeeding"],"fullName":"standardSeeding todos os seeds são únicos","status":"passed","title":"todos os seeds são únicos","duration":0.11716699999999491,"failureMessages":[],"meta":{},"tags":[]},{"ancestorTitles":["standardSeeding"],"fullName":"standardSeeding seed 1 e seed N aparecem na mesma chave (opostos)","status":"passed","title":"seed 1 e seed N aparecem na mesma chave (opostos)","duration":0.3456249999999983,"failureMessages":[],"meta":{},"tags":[]},{"ancestorTitles":["standardSeeding"],"fullName":"standardSeeding chave de 2 produz seeds [1, 2]","status":"passed","title":"chave de 2 produz seeds [1, 2]","duration":0.08137500000000841,"failureMessages":[],"meta":{},"tags":[]},{"ancestorTitles":["byeSeeds — byes nos melhores seeds (ITTF)"],"fullName":"byeSeeds — byes nos melhores seeds (ITTF) 12 classificados → bracket 16, byes nos seeds 1,2,3,4","status":"passed","title":"12 classificados → bracket 16, byes nos seeds 1,2,3,4","duration":0.22450000000000614,"failureMessages":[],"meta":{},"tags":[]},{"ancestorTitles":["byeSeeds — byes nos melhores seeds (ITTF)"],"fullName":"byeSeeds — byes nos melhores seeds (ITTF) classificados que deixam 1 bye → bye no seed 1","status":"passed","title":"classificados que deixam 1 bye → bye no seed 1","duration":0.05325000000000557,"failureMessages":[],"meta":{},"tags":[]},{"ancestorTitles":["byeSeeds — byes nos melhores seeds (ITTF)"],"fullName":"byeSeeds — byes nos melhores seeds (ITTF) classificados em potência de 2 → 0 byes","status":"passed","title":"classificados em potência de 2 → 0 byes","duration":0.04912500000000364,"failureMessages":[],"meta":{},"tags":[]},{"ancestorTitles":["byeSeeds — byes nos melhores seeds (ITTF)"],"fullName":"byeSeeds — byes nos melhores seeds (ITTF) os byes vão sempre para os seeds mais altos, em ordem","status":"passed","title":"os byes vão sempre para os seeds mais altos, em ordem","duration":0.04245799999999633,"failureMessages":[],"meta":{},"tags":[]},{"ancestorTitles":["seedQualifiersIntoBracket — ITTF 3.7"],"fullName":"seedQualifiersIntoBracket — ITTF 3.7 vencedor do grupo 1 no topo, vencedor do grupo 2 no fundo (metades opostas)","status":"passed","title":"vencedor do grupo 1 no topo, vencedor do grupo 2 no fundo (metades opostas)","duration":0.1511249999999933,"failureMessages":[],"meta":{},"tags":[]},{"ancestorTitles":["seedQualifiersIntoBracket — ITTF 3.7"],"fullName":"seedQualifiersIntoBracket — ITTF 3.7 1º e 2º do mesmo grupo ficam em metades opostas (só se cruzam na final)","status":"passed","title":"1º e 2º do mesmo grupo ficam em metades opostas (só se cruzam na final)","duration":0.772666000000001,"failureMessages":[],"meta":{},"tags":[]},{"ancestorTitles":["seedQualifiersIntoBracket — ITTF 3.7"],"fullName":"seedQualifiersIntoBracket — ITTF 3.7 nenhum confronto de 1ª rodada é entre jogadores do mesmo grupo","status":"passed","title":"nenhum confronto de 1ª rodada é entre jogadores do mesmo grupo","duration":0.37066599999999994,"failureMessages":[],"meta":{},"tags":[]},{"ancestorTitles":["seedQualifiersIntoBracket — ITTF 3.7"],"fullName":"seedQualifiersIntoBracket — ITTF 3.7 com classificados fora de potência de 2, completa com byes (posições null)","status":"passed","title":"com classificados fora de potência de 2, completa com byes (posições null)","duration":0.21162499999999795,"failureMessages":[],"meta":{},"tags":[]},{"ancestorTitles":["seedQualifiersIntoBracket — ITTF 3.7"],"fullName":"seedQualifiersIntoBracket — ITTF 3.7 todos os classificados aparecem exatamente uma vez","status":"passed","title":"todos os classificados aparecem exatamente uma vez","duration":0.057416000000003464,"failureMessages":[],"meta":{},"tags":[]},{"ancestorTitles":["eloSeeding"],"fullName":"eloSeeding ordena por rating decrescente (maior rating = seed 1)","status":"passed","title":"ordena por rating decrescente (maior rating = seed 1)","duration":0.2639169999999922,"failureMessages":[],"meta":{},"tags":[]},{"ancestorTitles":["eloSeeding"],"fullName":"eloSeeding sem ratings no Map, mantém ordem de entrada","status":"passed","title":"sem ratings no Map, mantém ordem de entrada","duration":0.14637500000000614,"failureMessages":[],"meta":{},"tags":[]}],"startTime":1782906025259,"endTime":1782906025266.264,"status":"passed","message":"","name":"/Users/andresantos/Desktop/projects_2026/pessoal/ranking-pong/tests/unit/seeding.test.ts"},{"assertionResults":[{"ancestorTitles":["computeGroupStandings"],"fullName":"computeGroupStandings retorna lista vazia para sem partidas e sem participantes","status":"passed","title":"retorna lista vazia para sem partidas e sem participantes","duration":1.4297910000000087,"failureMessages":[],"meta":{},"tags":[]},{"ancestorTitles":["computeGroupStandings"],"fullName":"computeGroupStandings participantes sem groupId não aparecem","status":"passed","title":"participantes sem groupId não aparecem","duration":0.1791249999999991,"failureMessages":[],"meta":{},"tags":[]},{"ancestorTitles":["computeGroupStandings"],"fullName":"computeGroupStandings com participantes mas sem partidas: todos com 0 pontos","status":"passed","title":"com participantes mas sem partidas: todos com 0 pontos","duration":0.1979159999999922,"failureMessages":[],"meta":{},"tags":[]},{"ancestorTitles":["computeGroupStandings"],"fullName":"computeGroupStandings vencedor recebe 3 pontos, perdedor fica com 0","status":"passed","title":"vencedor recebe 3 pontos, perdedor fica com 0","duration":0.20591699999999946,"failureMessages":[],"meta":{},"tags":[]},{"ancestorTitles":["computeGroupStandings"],"fullName":"computeGroupStandings setsWon e setsLost são computados corretamente","status":"passed","title":"setsWon e setsLost são computados corretamente","duration":0.16774999999999807,"failureMessages":[],"meta":{},"tags":[]},{"ancestorTitles":["computeGroupStandings"],"fullName":"computeGroupStandings ordena por pontos decrescentes","status":"passed","title":"ordena por pontos decrescentes","duration":0.19308399999999892,"failureMessages":[],"meta":{},"tags":[]},{"ancestorTitles":["computeGroupStandings"],"fullName":"computeGroupStandings position começa em 1","status":"passed","title":"position começa em 1","duration":0.13137500000000557,"failureMessages":[],"meta":{},"tags":[]},{"ancestorTitles":["computeGroupStandings"],"fullName":"computeGroupStandings desempate por saldo de sets quando pontos iguais","status":"passed","title":"desempate por saldo de sets quando pontos iguais","duration":0.10729200000000105,"failureMessages":[],"meta":{},"tags":[]},{"ancestorTitles":["computeGroupStandings"],"fullName":"computeGroupStandings ignora partidas não finalizadas","status":"passed","title":"ignora partidas não finalizadas","duration":0.40474999999999284,"failureMessages":[],"meta":{},"tags":[]},{"ancestorTitles":["computeGroupStandings"],"fullName":"computeGroupStandings ignora partidas que não são de grupo (bracket !== group)","status":"passed","title":"ignora partidas que não são de grupo (bracket !== group)","duration":0.09412500000000534,"failureMessages":[],"meta":{},"tags":[]},{"ancestorTitles":["computeGroupStandings"],"fullName":"computeGroupStandings dois grupos independentes: posição começa em 1 em cada","status":"passed","title":"dois grupos independentes: posição começa em 1 em cada","duration":0.4448340000000002,"failureMessages":[],"meta":{},"tags":[]}],"startTime":1782906026080,"endTime":1782906026083.4448,"status":"passed","message":"","name":"/Users/andresantos/Desktop/projects_2026/pessoal/ranking-pong/tests/unit/standings.test.ts"},{"assertionResults":[{"ancestorTitles":["Eventos / Divisões (Opção B) — mock-repo"],"fullName":"Eventos / Divisões (Opção B) — mock-repo evento demo agrupa 3 divisões ordenadas por divisionOrder","status":"passed","title":"evento demo agrupa 3 divisões ordenadas por divisionOrder","duration":3.6413340000000005,"failureMessages":[],"meta":{},"tags":[]},{"ancestorTitles":["Eventos / Divisões (Opção B) — mock-repo"],"fullName":"Eventos / Divisões (Opção B) — mock-repo resumo da divisão traz contagem de participantes e flag de jogo ao vivo","status":"passed","title":"resumo da divisão traz contagem de participantes e flag de jogo ao vivo","duration":0.2797920000000005,"failureMessages":[],"meta":{},"tags":[]},{"ancestorTitles":["Eventos / Divisões (Opção B) — mock-repo"],"fullName":"Eventos / Divisões (Opção B) — mock-repo listTournaments NÃO inclui divisões (só torneios avulsos)","status":"passed","title":"listTournaments NÃO inclui divisões (só torneios avulsos)","duration":0.5620410000000078,"failureMessages":[],"meta":{},"tags":[]},{"ancestorTitles":["Eventos / Divisões (Opção B) — mock-repo"],"fullName":"Eventos / Divisões (Opção B) — mock-repo createEvent + addDivision cria divisão ligada com ordem incremental","status":"passed","title":"createEvent + addDivision cria divisão ligada com ordem incremental","duration":0.3427910000000054,"failureMessages":[],"meta":{},"tags":[]},{"ancestorTitles":["Eventos / Divisões (Opção B) — mock-repo"],"fullName":"Eventos / Divisões (Opção B) — mock-repo setDivisionOrder reordena as divisões do evento","status":"passed","title":"setDivisionOrder reordena as divisões do evento","duration":0.15854199999999707,"failureMessages":[],"meta":{},"tags":[]},{"ancestorTitles":["Eventos / Divisões (Opção B) — mock-repo"],"fullName":"Eventos / Divisões (Opção B) — mock-repo torneio avulso continua com eventId null (zero breaking change)","status":"passed","title":"torneio avulso continua com eventId null (zero breaking change)","duration":0.10691699999999571,"failureMessages":[],"meta":{},"tags":[]}],"startTime":1782906025673,"endTime":1782906025678.1584,"status":"passed","message":"","name":"/Users/andresantos/Desktop/projects_2026/pessoal/ranking-pong/tests/unit/tournament-events.test.ts"},{"assertionResults":[{"ancestorTitles":["Ciclo de vida — eliminatória simples (4 jogadores)"],"fullName":"Ciclo de vida — eliminatória simples (4 jogadores) draft → registration → active → finished com campeão correto","status":"passed","title":"draft → registration → active → finished com campeão correto","duration":10.258499999999913,"failureMessages":[],"meta":{},"tags":[]},{"ancestorTitles":["Ciclo de vida — eliminatória simples (4 jogadores)"],"fullName":"Ciclo de vida — eliminatória simples (4 jogadores) não gera chave com menos de 2 participantes","status":"passed","title":"não gera chave com menos de 2 participantes","duration":1.6149169999999913,"failureMessages":[],"meta":{},"tags":[]},{"ancestorTitles":["Ciclo de vida — round-robin (campeão pela classificação)"],"fullName":"Ciclo de vida — round-robin (campeão pela classificação) joga todos contra todos e o líder vira campeão","status":"passed","title":"joga todos contra todos e o líder vira campeão","duration":0.5888749999999163,"failureMessages":[],"meta":{},"tags":[]},{"ancestorTitles":["Ciclo de vida — grupos + mata-mata (seed demo)"],"fullName":"Ciclo de vida — grupos + mata-mata (seed demo) fecha os grupos, preenche o mata-mata e chega à final","status":"passed","title":"fecha os grupos, preenche o mata-mata e chega à final","duration":0.6374999999999318,"failureMessages":[],"meta":{},"tags":[]},{"ancestorTitles":["Auto-avanço dinâmico de grupo"],"fullName":"Auto-avanço dinâmico de grupo um grupo só preenche o mata-mata quando TODOS os seus jogos terminam","status":"passed","title":"um grupo só preenche o mata-mata quando TODOS os seus jogos terminam","duration":0.1712079999999787,"failureMessages":[],"meta":{},"tags":[]},{"ancestorTitles":["Inscrição própria (registerSelf via repo)"],"fullName":"Inscrição própria (registerSelf via repo) addParticipants confirma o inscrito imediatamente","status":"passed","title":"addParticipants confirma o inscrito imediatamente","duration":0.17437500000005457,"failureMessages":[],"meta":{},"tags":[]}],"startTime":1782906024691,"endTime":1782906024704.1743,"status":"passed","message":"","name":"/Users/andresantos/Desktop/projects_2026/pessoal/ranking-pong/tests/unit/tournament-lifecycle.test.ts"},{"assertionResults":[{"ancestorTitles":["winProbability"],"fullName":"winProbability é 0.5 para ratings iguais","status":"passed","title":"é 0.5 para ratings iguais","duration":1.2071249999999907,"failureMessages":[],"meta":{},"tags":[]},{"ancestorTitles":["winProbability"],"fullName":"winProbability favorito (maior rating) tem prob > 0.5","status":"passed","title":"favorito (maior rating) tem prob > 0.5","duration":0.1804169999999914,"failureMessages":[],"meta":{},"tags":[]},{"ancestorTitles":["winProbability"],"fullName":"winProbability azarão (menor rating) tem prob < 0.5","status":"passed","title":"azarão (menor rating) tem prob < 0.5","duration":0.09037499999999454,"failureMessages":[],"meta":{},"tags":[]},{"ancestorTitles":["winProbability"],"fullName":"winProbability prob(A) + prob(B) = 1 (complementar)","status":"passed","title":"prob(A) + prob(B) = 1 (complementar)","duration":0.11350000000000193,"failureMessages":[],"meta":{},"tags":[]},{"ancestorTitles":["winProbability"],"fullName":"winProbability probabilidade está em (0,1) para diferença extrema","status":"passed","title":"probabilidade está em (0,1) para diferença extrema","duration":0.09116600000000119,"failureMessages":[],"meta":{},"tags":[]},{"ancestorTitles":["winProbability"],"fullName":"winProbability usa fórmula ELO com divisor 400 — diferença de 400 pts dá ~75%","status":"passed","title":"usa fórmula ELO com divisor 400 — diferença de 400 pts dá ~75%","duration":0.061958000000004176,"failureMessages":[],"meta":{},"tags":[]},{"ancestorTitles":["matchProbabilities"],"fullName":"matchProbabilities retorna { pA, pB } como percentuais inteiros somando 100","status":"passed","title":"retorna { pA, pB } como percentuais inteiros somando 100","duration":0.18133299999999508,"failureMessages":[],"meta":{},"tags":[]},{"ancestorTitles":["matchProbabilities"],"fullName":"matchProbabilities favorito tem pA > 50","status":"passed","title":"favorito tem pA > 50","duration":0.140041999999994,"failureMessages":[],"meta":{},"tags":[]},{"ancestorTitles":["matchProbabilities"],"fullName":"matchProbabilities para ratings iguais, pA === pB === 50","status":"passed","title":"para ratings iguais, pA === pB === 50","duration":0.41141600000000267,"failureMessages":[],"meta":{},"tags":[]},{"ancestorTitles":["matchProbabilities"],"fullName":"matchProbabilities valores são inteiros (arredondamento por Math.round)","status":"passed","title":"valores são inteiros (arredondamento por Math.round)","duration":0.10524999999999807,"failureMessages":[],"meta":{},"tags":[]},{"ancestorTitles":["isUpset"],"fullName":"isUpset seed 8 vencer seed 1 é zebra","status":"passed","title":"seed 8 vencer seed 1 é zebra","duration":0.10941700000000765,"failureMessages":[],"meta":{},"tags":[]},{"ancestorTitles":["isUpset"],"fullName":"isUpset seed 1 vencer seed 8 NÃO é zebra","status":"passed","title":"seed 1 vencer seed 8 NÃO é zebra","duration":0.04333400000000154,"failureMessages":[],"meta":{},"tags":[]},{"ancestorTitles":["isUpset"],"fullName":"isUpset seed igual nunca é zebra (empate teórico)","status":"passed","title":"seed igual nunca é zebra (empate teórico)","duration":0.03595799999999372,"failureMessages":[],"meta":{},"tags":[]},{"ancestorTitles":["isUpset"],"fullName":"isUpset seed 5 vencer seed 4 é zebra (por 1 posição)","status":"passed","title":"seed 5 vencer seed 4 é zebra (por 1 posição)","duration":0.03429200000000776,"failureMessages":[],"meta":{},"tags":[]},{"ancestorTitles":["isUpset"],"fullName":"isUpset seed 2 vencer seed 7 NÃO é zebra","status":"passed","title":"seed 2 vencer seed 7 NÃO é zebra","duration":0.03649999999998954,"failureMessages":[],"meta":{},"tags":[]}],"startTime":1782906026519,"endTime":1782906026522.1094,"status":"passed","message":"","name":"/Users/andresantos/Desktop/projects_2026/pessoal/ranking-pong/tests/unit/win-probability.test.ts"}]}